added manifest
adding: assets/(in = 0) (out= 0)(stored 0%)
adding: assets/.DS_Store(in = 6148) (out= 506)(deflated 91%)
adding: assets/css/(in = 0) (out= 0)(stored 0%)
adding: assets/css/bootstrap-theme.css(in = 26719) (out= 2843)(deflated 89%)
adding: assets/css/bootstrap-theme.css.map(in = 47706) (out= 7123)(deflated 85%)
adding: assets/css/bootstrap-theme.min.css(in = 23414) (out= 2762)(deflated 88%)
adding: assets/css/bootstrap-theme.min.css.map(in = 5532) (out= 955)(deflated 82%)
adding: assets/css/bootstrap.css(in = 152842) (out= 21525)(deflated 85%)
adding: assets/css/bootstrap.css.map(in = 389227) (out= 74877)(deflated 80%)
adding: assets/css/bootstrap.min.css(in = 121265) (out= 19733)(deflated 83%)
adding: assets/css/bootstrap.min.css.map(in = 54416) (out= 19371)(deflated 64%)
adding: assets/fonts/(in = 0) (out= 0)(stored 0%)
adding: assets/fonts/glyphicons-halflings-regular.eot(in = 20127) (out= 20038)(deflated 0%)
adding: assets/fonts/glyphicons-halflings-regular.svg(in = 109025) (out= 26812)(deflated 75%)
adding: assets/fonts/glyphicons-halflings-regular.ttf(in = 45404) (out= 23366)(deflated 48%)
adding: assets/fonts/glyphicons-halflings-regular.woff(in = 23424) (out= 23170)(deflated 1%)
adding: assets/fonts/glyphicons-halflings-regular.woff2(in = 18028) (out= 18038)(deflated 0%)
adding: assets/js/(in = 0) (out= 0)(stored 0%)
adding: assets/js/bootstrap.js(in = 71317) (out= 14214)(deflated 80%)
adding: assets/js/bootstrap.min.js(in = 36874) (out= 9754)(deflated 73%)
adding: assets/js/jquery.min.js(in = 95790) (out= 33258)(deflated 65%)
adding: assets/js/npm.js(in = 496) (out= 189)(deflated 61%)
adding: backOffice/(in = 0) (out= 0)(stored 0%)
adding: backOffice/dashboard.jsp(in = 4350) (out= 1321)(deflated 69%)
adding: backOffice/formulaireAnnulation.jsp(in = 6421) (out= 1763)(deflated 72%)
adding: backOffice/formulairePromotion.jsp(in = 7223) (out= 1864)(deflated 74%)
adding: backOffice/formulaireRegleReservation.jsp(in = 6398) (out= 1760)(deflated 72%)
adding: backOffice/formulaireVol.jsp(in = 9077) (out= 2153)(deflated 76%)
adding: backOffice/listeVol.jsp(in = 12508) (out= 2714)(deflated 78%)
adding: backOffice/updateVol.jsp(in = 9417) (out= 2246)(deflated 76%)
adding: client/(in = 0) (out= 0)(stored 0%)
adding: client/login.jsp(in = 506) (out= 275)(deflated 45%)
adding: css/(in = 0) (out= 0)(stored 0%)
adding: css/login.css(in = 991) (out= 439)(deflated 55%)
adding: frontOffice/(in = 0) (out= 0)(stored 0%)
adding: frontOffice/dashboard.jsp(in = 5471) (out= 1543)(deflated 71%)
adding: frontOffice/formulaireReservation.jsp(in = 7188) (out= 1874)(deflated 73%)
adding: frontOffice/formulaireReservation1.jsp(in = 6998) (out= 1855)(deflated 73%)
adding: frontOffice/formulaireReservation2.jsp(in = 8392) (out= 2137)(deflated 74%)
adding: frontOffice/listeDetailReservation.jsp(in = 8216) (out= 2083)(deflated 74%)
adding: frontOffice/listeReservation.jsp(in = 7239) (out= 1873)(deflated 74%)
adding: frontOffice/listeVol.jsp(in = 12328) (out= 2674)(deflated 78%)
adding: frontOffice/totalReservation.jsp(in = 5508) (out= 1547)(deflated 71%)
adding: frontOffice/upload.jsp(in = 5640) (out= 1605)(deflated 71%)
adding: templates/(in = 0) (out= 0)(stored 0%)
adding: templates/footer.jsp(in = 532) (out= 272)(deflated 48%)
adding: templates/header.jsp(in = 3610) (out= 1244)(deflated 65%)
adding: templates/navigation.jsp(in = 5124) (out= 796)(deflated 84%)
adding: user/(in = 0) (out= 0)(stored 0%)
adding: user/login.jsp(in = 2972) (out= 984)(deflated 66%)
adding: war_creation.log(in = 3564) (out= 811)(deflated 77%)
adding: WEB-INF/(in = 0) (out= 0)(stored 0%)
adding: WEB-INF/classes/(in = 0) (out= 0)(stored 0%)
adding: WEB-INF/classes/controller/(in = 0) (out= 0)(stored 0%)
adding: WEB-INF/classes/controller/DetailReservationController.class(in = 1706) (out= 945)(deflated 44%)
adding: WEB-INF/classes/controller/PromotionSiegeController.class(in = 2996) (out= 1681)(deflated 43%)
adding: WEB-INF/classes/controller/RegleAnnulationReservationController.class(in = 2942) (out= 1593)(deflated 45%)
adding: WEB-INF/classes/controller/RegleReservationController.class(in = 2917) (out= 1589)(deflated 45%)
adding: WEB-INF/classes/controller/ReservationController.class(in = 8763) (out= 4102)(deflated 53%)
adding: WEB-INF/classes/controller/UtilisateurController.class(in = 4466) (out= 2181)(deflated 51%)
adding: WEB-INF/classes/controller/VolController.class(in = 10796) (out= 4669)(deflated 56%)
adding: WEB-INF/classes/model/(in = 0) (out= 0)(stored 0%)
adding: WEB-INF/classes/model/Avion.class(in = 4938) (out= 2175)(deflated 55%)
adding: WEB-INF/classes/model/DetailReservation.class(in = 9779) (out= 4291)(deflated 56%)
adding: WEB-INF/classes/model/Modele.class(in = 3627) (out= 1641)(deflated 54%)
adding: WEB-INF/classes/model/PrixVolEnfant.class(in = 3222) (out= 1790)(deflated 44%)
adding: WEB-INF/classes/model/PromotionSiege.class(in = 6067) (out= 2545)(deflated 58%)
adding: WEB-INF/classes/model/RegleAnnulationReservation.class(in = 3991) (out= 1748)(deflated 56%)
adding: WEB-INF/classes/model/RegleReservation.class(in = 3904) (out= 1745)(deflated 55%)
adding: WEB-INF/classes/model/Reservation.class(in = 14137) (out= 6085)(deflated 56%)
adding: WEB-INF/classes/model/TypeSiege.class(in = 3671) (out= 1662)(deflated 54%)
adding: WEB-INF/classes/model/Utilisateur.class(in = 6406) (out= 2552)(deflated 60%)
adding: WEB-INF/classes/model/Ville.class(in = 3630) (out= 1654)(deflated 54%)
adding: WEB-INF/classes/model/Vol.class(in = 16370) (out= 6725)(deflated 58%)
adding: WEB-INF/classes/myconnection/(in = 0) (out= 0)(stored 0%)
adding: WEB-INF/classes/myconnection/MyConnection.class(in = 897) (out= 543)(deflated 39%)
adding: WEB-INF/lib/(in = 0) (out= 0)(stored 0%)
adding: WEB-INF/lib/framework.jar(in = 22647) (out= 19998)(deflated 11%)
adding: WEB-INF/lib/gson-2.8.8.jar(in = 242047) (out= 217794)(deflated 10%)
adding: WEB-INF/lib/jakarta.el-api-5.0.0.jar(in = 87908) (out= 81366)(deflated 7%)
adding: WEB-INF/lib/jakarta.servlet-api-6.1.0-M2.jar(in = 361521) (out= 340054)(deflated 5%)
adding: WEB-INF/lib/jakarta.servlet.jsp.jstl-api-3.0.0.jar(in = 46041) (out= 41321)(deflated 10%)
adding: WEB-INF/lib/paranamer-2.7.jar(in = 34604) (out= 30073)(deflated 13%)
adding: WEB-INF/lib/postgres.jar(in = 1046274) (out= 969805)(deflated 7%)
adding: WEB-INF/web.xml(in = 1007) (out= 350)(deflated 65%)
