META-INF/
META-INF/MANIFEST.MF
assets/
assets/.DS_Store
assets/css/
assets/css/bootstrap-theme.css
assets/css/bootstrap-theme.css.map
assets/css/bootstrap-theme.min.css
assets/css/bootstrap-theme.min.css.map
assets/css/bootstrap.css
assets/css/bootstrap.css.map
assets/css/bootstrap.min.css
assets/css/bootstrap.min.css.map
assets/fonts/
assets/fonts/glyphicons-halflings-regular.eot
assets/fonts/glyphicons-halflings-regular.svg
assets/fonts/glyphicons-halflings-regular.ttf
assets/fonts/glyphicons-halflings-regular.woff
assets/fonts/glyphicons-halflings-regular.woff2
assets/js/
assets/js/bootstrap.js
assets/js/bootstrap.min.js
assets/js/jquery.min.js
assets/js/npm.js
backOffice/
backOffice/dashboard.jsp
backOffice/formulaireAnnulation.jsp
backOffice/formulairePromotion.jsp
backOffice/formulaireRegleReservation.jsp
backOffice/formulaireVol.jsp
backOffice/listeVol.jsp
backOffice/updateVol.jsp
client/
client/login.jsp
css/
css/login.css
frontOffice/
frontOffice/dashboard.jsp
frontOffice/formulaireReservation.jsp
frontOffice/formulaireReservation1.jsp
frontOffice/formulaireReservation2.jsp
frontOffice/listeDetailReservation.jsp
frontOffice/listeReservation.jsp
frontOffice/listeVol.jsp
frontOffice/totalReservation.jsp
frontOffice/upload.jsp
templates/
templates/footer.jsp
templates/header.jsp
templates/navigation.jsp
user/
user/login.jsp
war_creation.log
WEB-INF/
WEB-INF/classes/
WEB-INF/classes/controller/
WEB-INF/classes/controller/DetailReservationController.class
WEB-INF/classes/controller/PromotionSiegeController.class
WEB-INF/classes/controller/RegleAnnulationReservationController.class
WEB-INF/classes/controller/RegleReservationController.class
WEB-INF/classes/controller/ReservationController.class
WEB-INF/classes/controller/UtilisateurController.class
WEB-INF/classes/controller/VolController.class
WEB-INF/classes/model/
WEB-INF/classes/model/Avion.class
WEB-INF/classes/model/DetailReservation.class
WEB-INF/classes/model/Modele.class
WEB-INF/classes/model/PrixVolEnfant.class
WEB-INF/classes/model/PromotionSiege.class
WEB-INF/classes/model/RegleAnnulationReservation.class
WEB-INF/classes/model/RegleReservation.class
WEB-INF/classes/model/Reservation.class
WEB-INF/classes/model/TypeSiege.class
WEB-INF/classes/model/Utilisateur.class
WEB-INF/classes/model/Ville.class
WEB-INF/classes/model/Vol.class
WEB-INF/classes/myconnection/
WEB-INF/classes/myconnection/MyConnection.class
WEB-INF/lib/
WEB-INF/lib/framework.jar
WEB-INF/lib/gson-2.8.8.jar
WEB-INF/lib/jakarta.el-api-5.0.0.jar
WEB-INF/lib/jakarta.servlet-api-6.1.0-M2.jar
WEB-INF/lib/jakarta.servlet.jsp.jstl-api-3.0.0.jar
WEB-INF/lib/paranamer-2.7.jar
WEB-INF/lib/postgres.jar
WEB-INF/web.xml
